0 info it worked if it ends with ok
1 verbose cli [ '/usr/local/Cellar/nvm/0.29.0/versions/node/v6.9.1/bin/node',
1 verbose cli   '/usr/local/opt/nvm/versions/node/v6.9.1/bin/npm',
1 verbose cli   'run',
1 verbose cli   'serve' ]
2 info using npm@3.10.8
3 info using node@v6.9.1
4 verbose run-script [ 'preserve', 'serve', 'postserve' ]
5 info lifecycle d3-and-polymer@1.0.0~preserve: d3-and-polymer@1.0.0
6 silly lifecycle d3-and-polymer@1.0.0~preserve: no script for preserve, continuing
7 info lifecycle d3-and-polymer@1.0.0~serve: d3-and-polymer@1.0.0
8 verbose lifecycle d3-and-polymer@1.0.0~serve: unsafe-perm in lifecycle true
9 verbose lifecycle d3-and-polymer@1.0.0~serve: PATH: /usr/local/Cellar/nvm/0.29.0/versions/node/v6.9.1/lib/node_modules/npm/bin/node-gyp-bin:/Users/kashesandr/Dropbox/Projects/d3-and-google/node_modules/.bin:/usr/local/Cellar/nvm/0.29.0/versions/node/v6.9.1/bin:/usr/local/opt/nvm/versions/node/v6.9.1/bin:/Users/kashesandr/.rvm/gems/ruby-2.1.1/bin:/Users/kashesandr/.rvm/gems/ruby-2.1.1@global/bin:/Users/kashesandr/.rvm/rubies/ruby-2.1.1/bin:/usr/local/bin:/usr/bin:/bin:/usr/sbin:/sbin:/opt/X11/bin:/usr/local/git/bin:/Users/kashesandr/.rvm/bin
10 verbose lifecycle d3-and-polymer@1.0.0~serve: CWD: /Users/kashesandr/Dropbox/Projects/d3-and-google
11 silly lifecycle d3-and-polymer@1.0.0~serve: Args: [ '-c', 'node ./node_modules/.bin/polymer serve 8181' ]
12 silly lifecycle d3-and-polymer@1.0.0~serve: Returned: code: 1  signal: null
13 info lifecycle d3-and-polymer@1.0.0~serve: Failed to exec serve script
14 verbose stack Error: d3-and-polymer@1.0.0 serve: `node ./node_modules/.bin/polymer serve 8181`
14 verbose stack Exit status 1
14 verbose stack     at EventEmitter.<anonymous> (/usr/local/Cellar/nvm/0.29.0/versions/node/v6.9.1/lib/node_modules/npm/lib/utils/lifecycle.js:255:16)
14 verbose stack     at emitTwo (events.js:106:13)
14 verbose stack     at EventEmitter.emit (events.js:191:7)
14 verbose stack     at ChildProcess.<anonymous> (/usr/local/Cellar/nvm/0.29.0/versions/node/v6.9.1/lib/node_modules/npm/lib/utils/spawn.js:40:14)
14 verbose stack     at emitTwo (events.js:106:13)
14 verbose stack     at ChildProcess.emit (events.js:191:7)
14 verbose stack     at maybeClose (internal/child_process.js:877:16)
14 verbose stack     at Process.ChildProcess._handle.onexit (internal/child_process.js:226:5)
15 verbose pkgid d3-and-polymer@1.0.0
16 verbose cwd /Users/kashesandr/Dropbox/Projects/d3-and-google
17 error Darwin 15.6.0
18 error argv "/usr/local/Cellar/nvm/0.29.0/versions/node/v6.9.1/bin/node" "/usr/local/opt/nvm/versions/node/v6.9.1/bin/npm" "run" "serve"
19 error node v6.9.1
20 error npm  v3.10.8
21 error code ELIFECYCLE
22 error d3-and-polymer@1.0.0 serve: `node ./node_modules/.bin/polymer serve 8181`
22 error Exit status 1
23 error Failed at the d3-and-polymer@1.0.0 serve script 'node ./node_modules/.bin/polymer serve 8181'.
23 error Make sure you have the latest version of node.js and npm installed.
23 error If you do, this is most likely a problem with the d3-and-polymer package,
23 error not with npm itself.
23 error Tell the author that this fails on your system:
23 error     node ./node_modules/.bin/polymer serve 8181
23 error You can get information on how to open an issue for this project with:
23 error     npm bugs d3-and-polymer
23 error Or if that isn't available, you can get their info via:
23 error     npm owner ls d3-and-polymer
23 error There is likely additional logging output above.
24 verbose exit [ 1, true ]
